20161227 152750 Relais 1 opened

20161227 152750 BackupHDD undocked in 2.58342289925 seconds.

20161227 152747 BackupHDD is being undocked ...

20161227 152747 Relais 1 closed

20161227 152735 Relais 2 opened

20161227 145007 BackupHDD mounted after 0 iterations

20161227 145007 BackupHDD was mounted after 0 iterations

20161227 145006 ServerHDD mounted after 0 iterations

20161227 144957 Relais 2 closed

20161227 144955 Relais 1 opened

20161227 144955 BackupHDD docked in 2.48287200928 seconds.

20161227 144952 BackupHDD is being docked ...

20161227 144952 Relais 1 closed

20161216 085342 Relais 1 opened

20161216 085342 BackupHDD undocked in 2.56990098953 seconds.

20161216 085340 BackupHDD is being undocked ...

20161216 085340 Relais 1 closed

20161216 085329 Relais 2 opened

20161216 054632 BackupHDD mounted after 0 iterations

20161216 054632 BackupHDD was mounted after 0 iterations

20161216 054631 ServerHDD mounted after 0 iterations

20161216 054622 Relais 2 closed

20161216 054620 Relais 1 opened

20161216 054620 BackupHDD is being docked ...

20161216 054620 Relais 1 closed

20161214 154924 BackupHDD mounted after 0 iterations

20161214 154924 BackupHDD was mounted after 0 iterations

20161214 154923 ServerHDD mounted after 0 iterations

20161214 154914 Relais 2 closed

20161214 154912 Relais 1 opened

20161214 154912 BackupHDD docked in 2.7464928627 seconds.

20161214 154909 BackupHDD is being docked ...

20161214 154907 Relais 1 closed

20160908 224928 Relais 1 opened

20160908 224928 BackupHDD undocked in 2.59394407272 seconds.

20160908 224926 BackupHDD is being undocked ...

20160908 224926 Relais 1 closed

20160908 224910 Relais 2 opened

20160908 224048 BackupHDD mounted after 0 iterations

20160908 224048 BackupHDD was mounted after 0 iterations

20160908 224047 ServerHDD mounted after 0 iterations

20160908 224046 Relais 2 closed

20160908 224044 Relais 1 opened

20160908 224044 BackupHDD is being docked ...

20160908 224044 Relais 1 closed

20160908 223901 BackupHDD mounted after 0 iterations

20160908 223901 BackupHDD was mounted after 0 iterations

20160908 223900 ServerHDD mounted after 0 iterations

20160908 223858 Relais 2 closed

20160908 223856 Relais 1 opened

20160908 223856 BackupHDD is being docked ...

20160908 223856 Relais 1 closed

20160908 223721 BackupHDD mounted after 0 iterations

20160908 223721 BackupHDD was mounted after 0 iterations

20160908 223719 ServerHDD mounted after 0 iterations

20160908 223718 Relais 2 closed

20160908 223716 Relais 1 opened

20160908 223716 BackupHDD is being docked ...

20160908 223716 Relais 1 closed

20160908 223646 BackupHDD mounted after 0 iterations

20160908 223646 BackupHDD was mounted after 0 iterations

20160908 223644 ServerHDD mounted after 0 iterations

20160908 223643 Relais 2 closed

20160908 223641 Relais 1 opened

20160908 223641 BackupHDD is being docked ...

20160908 223641 Relais 1 closed

20160908 223624 BackupHDD mounted after 0 iterations

20160908 223624 BackupHDD was mounted after 0 iterations

20160908 223623 ServerHDD mounted after 0 iterations

20160908 223622 Relais 2 closed

20160908 223620 Relais 1 opened

20160908 223620 BackupHDD is being docked ...

20160908 223620 Relais 1 closed

20160908 223533 BackupHDD mounted after 0 iterations

20160908 223533 BackupHDD was mounted after 0 iterations

20160908 223532 ServerHDD mounted after 0 iterations

20160908 223530 Relais 2 closed

20160908 223528 Relais 1 opened

20160908 223528 BackupHDD is being docked ...

20160908 223528 Relais 1 closed

20160908 223346 BackupHDD mounted after 0 iterations

20160908 223346 BackupHDD was mounted after 0 iterations

20160908 223345 ServerHDD mounted after 0 iterations

20160908 223344 Relais 2 closed

20160908 223342 Relais 1 opened

20160908 223342 BackupHDD is being docked ...

20160908 223342 Relais 1 closed

20160908 222738 BackupHDD mounted after 0 iterations

20160908 222738 BackupHDD was mounted after 0 iterations

20160908 222737 ServerHDD mounted after 0 iterations

20160908 222604 Relais 2 closed

20160908 222556 Relais 1 opened

20160908 222556 BackupHDD docked in 2.73797011375 seconds.

20160908 222553 BackupHDD is being docked ...

20160908 222553 Relais 1 closed

20160908 222448 Relais 1 opened

20160908 222448 BackupHDD undocked in 2.56748795509 seconds.

20160908 222446 BackupHDD is being undocked ...

20160908 222446 Relais 1 closed

20160908 222436 Relais 2 opened

20160908 222435 BackupHDD mounted after 0 iterations

20160908 222435 BackupHDD was mounted after 0 iterations

20160908 222433 ServerHDD mounted after 0 iterations

20160908 222423 Relais 2 closed

20160908 222421 Relais 1 opened

20160908 222421 BackupHDD docked in 2.71896791458 seconds.

20160908 222418 BackupHDD is being docked ...

20160908 222418 Relais 1 closed

20160908 222258 Relais 1 opened

20160908 222258 BackupHDD undocked in 2.62493991852 seconds.

20160908 222256 BackupHDD is being undocked ...

20160908 222256 Relais 1 closed

20160908 222244 Relais 2 opened

20160908 222242 BackupHDD mounted after 0 iterations

20160908 222242 BackupHDD was mounted after 0 iterations

20160908 222240 ServerHDD mounted after 0 iterations

20160908 222236 Relais 2 closed

20160908 222234 Relais 1 opened

20160908 222234 BackupHDD is being docked ...

20160908 222234 Relais 1 closed

20160908 222124 BackupHDD mounted after 0 iterations

20160908 222124 BackupHDD was mounted after 0 iterations

20160908 222123 ServerHDD mounted after 0 iterations

20160908 222121 Relais 2 closed

20160908 222119 Relais 1 opened

20160908 222119 BackupHDD is being docked ...

20160908 222119 Relais 1 closed

20160908 213754 BackupHDD mounted after 0 iterations

20160908 213754 BackupHDD was mounted after 0 iterations

20160908 213753 ServerHDD mounted after 0 iterations

20160908 213752 Relais 2 closed

20160908 213750 Relais 1 opened

20160908 213750 BackupHDD is being docked ...

20160908 213750 Relais 1 closed

20160908 213650 BackupHDD mounted after 0 iterations

20160908 213649 BackupHDD was mounted after 0 iterations

20160908 213648 ServerHDD mounted after 0 iterations

20160908 213647 Relais 2 closed

20160908 213645 Relais 1 opened

20160908 213645 BackupHDD is being docked ...

20160908 213645 Relais 1 closed

20160908 213631 BackupHDD mounted after 0 iterations

20160908 213630 BackupHDD was mounted after 0 iterations

20160908 213629 ServerHDD mounted after 0 iterations

20160908 213628 Relais 2 closed

20160908 213626 Relais 1 opened

20160908 213626 BackupHDD is being docked ...

20160908 213626 Relais 1 closed

20160908 213536 BackupHDD mounted after 0 iterations

20160908 213536 BackupHDD was mounted after 0 iterations

20160908 213535 ServerHDD mounted after 0 iterations

20160908 213534 Relais 2 closed

20160908 213532 Relais 1 opened

20160908 213532 BackupHDD is being docked ...

20160908 213532 Relais 1 closed

20160908 213428 BackupHDD mounted after 0 iterations

20160908 213428 BackupHDD was mounted after 0 iterations

20160908 213427 ServerHDD mounted after 0 iterations

20160908 213426 Relais 2 closed

20160908 213424 Relais 1 opened

20160908 213424 BackupHDD is being docked ...

20160908 213424 Relais 1 closed

20160908 213008 BackupHDD mounted after 0 iterations

20160908 213008 BackupHDD was mounted after 0 iterations

20160908 213007 ServerHDD mounted after 0 iterations

20160908 213006 Relais 2 closed

20160908 213004 Relais 1 opened

20160908 213004 BackupHDD is being docked ...

20160908 213004 Relais 1 closed

20160908 192847 BackupHDD mounted after 0 iterations

20160908 192847 BackupHDD was mounted after 0 iterations

20160908 192846 ServerHDD mounted after 0 iterations

20160908 192834 Relais 2 closed

20160908 192832 Relais 1 opened

20160908 192832 BackupHDD docked in 2.69436502457 seconds.

20160908 192830 BackupHDD is being docked ...

20160908 192830 Relais 1 closed

20160908 192820 Relais 1 opened

20160908 192820 BackupHDD undocked in 2.56944513321 seconds.

20160908 192818 BackupHDD is being undocked ...

20160908 192818 Relais 1 closed

20160908 192801 Relais 2 opened

20160908 165555 Relais 2 closed

20160908 165514 Relais 2 opened

20160908 165355 Relais 2 closed

20160908 165309 Relais 2 closed

20160908 165243 Relais 2 opened

20160908 165232 Relais 2 closed

20160908 165227 Relais 2 closed

20160908 165112 Relais 2 closed

20160908 164948 BackupHDD mounted after 0 iterations

20160908 164947 BackupHDD was mounted after 0 iterations

20160908 164946 ServerHDD mounted after 0 iterations

20160908 164229 Relais 2 closed

20160908 163043 Relais 2 closed

20160908 161512 Relais 2 closed

20160908 161121 Relais 2 closed

20160908 161025 Relais 2 closed

20160908 161015 Relais 1 opened

20160908 161015 BackupHDD docked in 2.7650270462 seconds.

20160908 161012 BackupHDD is being docked ...

20160908 161012 Relais 1 closed

20160908 160947 Relais 2 opened

20160908 160820 Relais 2 closed

20160908 160803 Relais 2 closed

20160908 160727 Relais 2 closed

20160908 160408 Relais 2 closed

20160908 160335 Relais 2 closed

20160908 160211 Relais 2 closed

20160908 160006 Relais 1 opened

20160908 160006 BackupHDD undocked in 2.5510032177 seconds.

20160908 160003 BackupHDD is being undocked ...

20160908 160003 Relais 1 closed

20160908 155954 Relais 2 opened

20160908 154302 BackupHDD mounted after 0 iterations

20160908 154302 BackupHDD was mounted after 0 iterations

20160908 154301 ServerHDD mounted after 0 iterations

20160908 154250 Relais 2 closed

20160908 154248 Relais 1 opened

20160908 154248 BackupHDD docked in 2.76744604111 seconds.

20160908 154245 BackupHDD is being docked ...

20160908 154245 Relais 1 closed

20160908 154146 Relais 1 opened

20160908 154146 BackupHDD undocked in 2.63218808174 seconds.

20160908 154143 BackupHDD is being undocked ...

20160908 154143 Relais 1 closed

20160908 154133 Relais 2 opened

20160908 154043 Relais 2 opened

20160908 154043 BackupHDD mounted after 0 iterations

20160908 154042 BackupHDD was mounted after 0 iterations

20160908 154041 ServerHDD mounted after 0 iterations

20160908 154030 Relais 2 closed

20160908 154028 Relais 1 opened

20160908 154028 BackupHDD docked in 2.74765300751 seconds.

20160908 154025 BackupHDD is being docked ...

20160908 154025 Relais 1 closed

20160908 154025 Relais 1 opened

20160908 154025 BackupHDD undocked in 2.63362598419 seconds.

20160908 154022 BackupHDD is being undocked ...

20160908 154022 Relais 1 closed

20160908 154012 Relais 2 opened

20160908 154012 BackupHDD mounted after 0 iterations

20160908 154012 BackupHDD was mounted after 0 iterations

20160908 154010 ServerHDD mounted after 0 iterations

20160908 153959 Relais 2 closed

20160908 153957 Relais 1 opened

20160908 153957 BackupHDD docked in 2.71955108643 seconds.

20160908 153954 BackupHDD is being docked ...

20160908 153954 Relais 1 closed

20160908 153944 Relais 1 opened

20160908 153944 BackupHDD undocked in 2.60222005844 seconds.

20160908 153941 BackupHDD is being undocked ...

20160908 153941 Relais 1 closed

20160908 153932 Relais 2 opened

20160908 153139 BackupHDD mounted after 0 iterations

20160908 153139 BackupHDD was mounted after 0 iterations

20160908 153137 ServerHDD mounted after 0 iterations

20160908 152959 Relais 2 closed

20160908 142645 Relais 2 opened

20160908 142645 BackupHDD mounted after 0 iterations

20160908 142645 BackupHDD was mounted after 0 iterations

20160908 142644 ServerHDD mounted after 0 iterations

20160908 142637 Relais 2 closed

20160908 142635 Relais 1 opened

20160908 142635 BackupHDD docked in 2.76698684692 seconds.

20160908 142632 BackupHDD is being docked ...

20160908 142632 Relais 1 closed

20160908 142632 Relais 1 opened

20160908 142632 BackupHDD undocked in 2.60058999062 seconds.

20160908 142629 BackupHDD is being undocked ...

20160908 142629 Relais 1 closed

20160908 142619 Relais 2 opened

20160908 142619 BackupHDD mounted after 0 iterations

20160908 142619 BackupHDD was mounted after 0 iterations

20160908 142618 ServerHDD mounted after 0 iterations

20160908 142612 Relais 2 closed

20160908 142610 Relais 1 opened

20160908 142610 BackupHDD docked in 2.74453186989 seconds.

20160908 142607 BackupHDD is being docked ...

20160908 142607 Relais 1 closed

20160908 142600 Relais 1 opened

20160908 142600 BackupHDD undocked in 2.58737897873 seconds.

20160908 142557 BackupHDD is being undocked ...

20160908 142557 Relais 1 closed

20160908 142546 Relais 2 opened

20160908 142104 BackupHDD mounted after 0 iterations

20160908 142104 BackupHDD was mounted after 0 iterations

20160908 142103 ServerHDD mounted after 0 iterations

20160908 142017 Relais 2 closed

20160908 142011 Relais 1 opened

20160908 142011 BackupHDD docked in 2.69441103935 seconds.

20160908 142008 BackupHDD is being docked ...

20160908 142008 Relais 1 closed

20160908 141449 Relais 1 opened

20160908 141449 BackupHDD undocked in 2.5820889473 seconds.

20160908 141446 BackupHDD is being undocked ...

20160908 141446 Relais 1 closed

20160908 141436 Relais 2 opened

20160908 140702 BackupHDD mounted after 0 iterations

20160908 140702 BackupHDD was mounted after 0 iterations

20160908 140701 ServerHDD mounted after 0 iterations

20160908 140655 Relais 2 closed

20160908 140653 Relais 1 opened

20160908 140653 BackupHDD docked in 2.72353506088 seconds.

20160908 140650 BackupHDD is being docked ...

20160908 140650 Relais 1 closed

20160908 140644 Relais 1 opened

20160908 140644 BackupHDD undocked in 2.62199091911 seconds.

20160908 140641 BackupHDD is being undocked ...

20160908 140641 Relais 1 closed

20160908 140632 Relais 2 opened

20160908 140407 BackupHDD mounted after 0 iterations

20160908 140407 BackupHDD was mounted after 0 iterations

20160908 140406 ServerHDD mounted after 0 iterations

20160908 140346 Relais 2 closed

20160908 140338 Relais 1 opened

20160908 140338 BackupHDD docked in 2.715528965 seconds.

20160908 140335 BackupHDD is being docked ...

20160908 140335 Relais 1 closed

20160908 140324 Relais 1 opened

20160908 140324 BackupHDD undocked in 2.65326404572 seconds.

20160908 140321 BackupHDD is being undocked ...

20160908 140321 Relais 1 closed

20160908 140248 BackupHDD is being docked ...

20160908 140248 Relais 1 closed

20160908 140248 Relais 1 opened

20160908 140248 BackupHDD undocked in 2.59688520432 seconds.

20160908 140245 BackupHDD is being undocked ...

20160908 140245 Relais 1 closed

20160908 140235 Relais 2 opened

20160908 140235 BackupHDD mounted after 0 iterations

20160908 140235 BackupHDD was mounted after 0 iterations

20160908 140234 ServerHDD mounted after 0 iterations

20160908 140228 Relais 2 closed

20160908 140226 Relais 1 opened

20160908 140226 BackupHDD docked in 2.7733309269 seconds.

20160908 140223 BackupHDD is being docked ...

20160908 140223 Relais 1 closed

20160908 140223 Relais 1 opened

20160908 140223 BackupHDD undocked in 2.5958199501 seconds.

20160908 140220 BackupHDD is being undocked ...

20160908 140220 Relais 1 closed

20160908 140210 Relais 2 opened

20160908 140210 BackupHDD mounted after 0 iterations

20160908 140210 BackupHDD was mounted after 0 iterations

20160908 140209 ServerHDD mounted after 0 iterations

20160908 140202 Relais 2 closed

20160908 140200 Relais 1 opened

20160908 140200 BackupHDD docked in 2.74779891968 seconds.

20160908 140157 BackupHDD is being docked ...

20160908 140157 Relais 1 closed

20160908 134926 Relais 1 opened

20160908 134926 BackupHDD undocked in 2.5843269825 seconds.

20160908 134923 BackupHDD is being undocked ...

20160908 134923 Relais 1 closed

20160908 134911 Relais 2 opened

20160628 120434 Program started

20160628 120159 Program started

20160628 104438 Relais 1 opened

20160628 104438 BackupHDD undocked in 2.54700899124 seconds.

20160628 104435 BackupHDD is being undocked ...

20160628 104435 Relais 1 closed

20160628 104355 Relais 1 opened

20160628 104355 BackupHDD docked in 2.76855707169 seconds.

20160628 104352 BackupHDD is being docked ...

20160628 104352 Relais 1 closed

20160628 104332 Relais 1 opened

20160628 104332 BackupHDD undocked in 2.57672095299 seconds.

20160628 104329 BackupHDD is being undocked ...

20160628 104329 Relais 1 closed

20160628 104327 Relais 1 opened

20160628 104327 BackupHDD docked in 2.67298603058 seconds.

20160628 104324 BackupHDD is being docked ...

20160628 104324 Relais 1 closed

20160628 103857 Program started

20160628 103724 Program started

20160628 103412 Program started

20160628 103403 Program started

20160628 103212 Program started

20160530 220521 Relais 1 opened

20160530 220521 BackupHDD undocked in 2.01322817802 seconds.

20160530 220517 BackupHDD is being undocked ...

20160530 220517 Relais 1 closed

20160530 220452 Relais 2 opened

20160530 172736 BackupHDD mounted after 0 iterations

20160530 172736 BackupHDD was mounted after 0 iterations

20160530 172735 ServerHDD mounted after 0 iterations

20160530 172108 Relais 2 closed

20160530 172041 Relais 1 opened

20160530 172041 BackupHDD docked in 2.75246596336 seconds.

20160530 172038 BackupHDD is being docked ...

20160530 172038 Relais 1 closed

20160524 152632 Relais 1 opened

20160524 152632 BackupHDD undocked in 2.57392907143 seconds.

20160524 152630 BackupHDD is being undocked ...

20160524 152630 Relais 1 closed

20160524 152618 Relais 1 opened

20160524 152618 BackupHDD docked in 2.75382304192 seconds.

20160524 152615 BackupHDD is being docked ...

20160524 152615 Relais 1 closed

20160524 152531 Relais 1 opened

20160524 152531 BackupHDD undocked in 2.58379101753 seconds.

20160524 152528 BackupHDD is being undocked ...

20160524 152528 Relais 1 closed

20160524 152500 Relais 1 opened

20160524 152500 BackupHDD docked in 2.78802394867 seconds.

20160524 152457 BackupHDD is being docked ...

20160524 152457 Relais 1 closed

20160524 151747 Relais 1 opened

20160524 151747 BackupHDD undocked in 2.58064484596 seconds.

20160524 151744 BackupHDD is being undocked ...

20160524 151744 Relais 1 closed

20160524 151720 Relais 1 opened

20160524 151720 BackupHDD docked in 2.69056606293 seconds.

20160524 151717 BackupHDD is being docked ...

20160524 151717 Relais 1 closed

20160524 151709 Relais 1 opened

20160524 151709 BackupHDD undocked in 2.56610584259 seconds.

20160524 151706 BackupHDD is being undocked ...

20160524 151706 Relais 1 closed

20160524 151626 Relais 1 opened

20160524 151626 BackupHDD docked in 2.71648907661 seconds.

20160524 151623 BackupHDD is being docked ...

20160524 151623 Relais 1 closed

20160524 151616 Relais 1 opened

20160524 151616 BackupHDD undocked in 2.56917095184 seconds.

20160524 151613 BackupHDD is being undocked ...

20160524 151613 Relais 1 closed

20160524 151529 Relais 1 opened

20160524 151529 BackupHDD docked in 2.70689797401 seconds.

20160524 151527 BackupHDD is being docked ...

20160524 151527 Relais 1 closed

20160524 151424 Relais 1 opened

20160524 151424 BackupHDD undocked in 2.59562397003 seconds.

20160524 151421 BackupHDD is being undocked ...

20160524 151416 Relais 1 closed

20160524 151327 Relais 1 opened

20160524 151327 BackupHDD is being docked ...

20160524 151327 Relais 1 closed

20160524 151019 Relais 1 opened

20160524 151019 BackupHDD is being docked ...

20160524 151019 Relais 1 closed

20160524 151009 Relais 2 opened

20160524 150959 Relais 1 opened

20160524 150959 BackupHDD is being docked ...

20160524 150959 Relais 1 closed

20160524 150950 Relais 1 opened

20160524 150950 BackupHDD docked in 2.76503610611 seconds.

20160524 150947 BackupHDD is being docked ...

20160524 150947 Relais 1 closed

20160524 144958 Relais 2 opened

20160524 144955 Relais 2 closed

20160524 144949 Relais 2 opened

20160524 144943 Relais 2 closed

20160524 144937 Relais 2 opened

20160524 144931 Relais 1 opened

20160524 144931 BackupHDD undocked in 2.61180996895 seconds.

20160524 144928 BackupHDD is being undocked ...

20160524 144928 Relais 1 closed

20160524 144926 Relais 1 opened

20160524 144926 BackupHDD docked in 2.70865893364 seconds.

20160524 144923 BackupHDD is being docked ...

20160524 144923 Relais 1 closed

20160524 143146 Relais 2 opened

20160524 143123 Relais 1 opened

20160524 143123 BackupHDD undocked in 2.56902718544 seconds.

20160524 143121 BackupHDD is being undocked ...

20160524 143116 Relais 1 closed

20160524 143109 Relais 1 opened

20160524 143109 BackupHDD docked in 2.75326704979 seconds.

20160524 143107 BackupHDD is being docked ...

20160524 143107 Relais 1 closed

20160518 104616 Relais 1 opened

20160518 104616 BackupHDD undocked in 2.50630998611 seconds.

20160518 104613 BackupHDD is being undocked ...

20160518 104608 Relais 1 closed

20160518 103131 BackupHDD mounted after 0 iterations

20160518 103131 BackupHDD was mounted after 0 iterations

20160518 103129 ServerHDD mounted after 0 iterations

20160518 103123 Relais 2 closed

20160518 103121 Relais 1 opened

20160518 103121 BackupHDD is being docked ...

20160518 103121 Relais 1 closed

20160518 102107 BackupHDD mounted after 0 iterations

20160518 102107 BackupHDD was mounted after 0 iterations

20160518 102106 ServerHDD mounted after 0 iterations

20160518 102100 Relais 2 closed

20160518 102058 Relais 1 opened

20160518 102058 BackupHDD is being docked ...

20160518 102058 Relais 1 closed

20160518 101733 BackupHDD mounted after 0 iterations

20160518 101732 BackupHDD was mounted after 0 iterations

20160518 101728 ServerHDD mounted after 0 iterations

20160518 101720 Relais 2 closed

20160518 101718 Relais 1 opened

20160518 101718 BackupHDD docked in 2.66419100761 seconds.

20160518 101716 BackupHDD is being docked ...

20160518 101716 Relais 1 closed

20160518 101253 Relais 1 opened

20160518 101253 BackupHDD undocked in 2.51501917839 seconds.

20160518 101250 BackupHDD is being undocked ...

20160518 101245 Relais 1 closed

20160518 101148 Relais 2 opened

20160518 100953 BackupHDD mounted after 0 iterations

20160518 100953 BackupHDD was mounted after 0 iterations

20160518 100952 ServerHDD mounted after 0 iterations

20160518 100946 Relais 2 closed

20160518 100944 Relais 1 opened

20160518 100944 BackupHDD is being docked ...

20160518 100944 Relais 1 closed

20160518 100733 BackupHDD mounted after 0 iterations

20160518 100733 BackupHDD was mounted after 0 iterations

20160518 100732 ServerHDD mounted after 0 iterations

20160518 100725 Relais 2 closed

20160518 100723 Relais 1 opened

20160518 100723 BackupHDD is being docked ...

20160518 100723 Relais 1 closed

20160518 100621 BackupHDD mounted after 0 iterations

20160518 100621 BackupHDD was mounted after 0 iterations

20160518 100620 ServerHDD mounted after 0 iterations

20160518 100614 Relais 2 closed

20160518 100612 Relais 1 opened

20160518 100612 BackupHDD is being docked ...

20160518 100612 Relais 1 closed

20160518 100422 BackupHDD mounted after 0 iterations

20160518 100422 BackupHDD was mounted after 0 iterations

20160518 100421 ServerHDD mounted after 0 iterations

20160518 100415 Relais 2 closed

20160518 100413 Relais 1 opened

20160518 100413 BackupHDD is being docked ...

20160518 100413 Relais 1 closed

20160518 100157 BackupHDD mounted after 0 iterations

20160518 100156 BackupHDD was mounted after 0 iterations

20160518 100155 ServerHDD mounted after 0 iterations

20160518 100149 Relais 2 closed

20160518 100147 Relais 1 opened

20160518 100147 BackupHDD is being docked ...

20160518 100147 Relais 1 closed

20160518 100104 Relais 2 closed

20160518 100102 Relais 1 opened

20160518 100102 BackupHDD docked in 2.66483187675 seconds.

20160518 100059 BackupHDD is being docked ...

20160518 100059 Relais 1 closed

20160518 095143 Relais 1 opened

20160518 095143 BackupHDD undocked in 2.55176901817 seconds.

20160518 095140 BackupHDD is being undocked ...

20160518 095140 Relais 1 closed

20160518 095129 Relais 2 opened

20160518 092455 BackupHDD mounted after 0 iterations

20160518 092455 BackupHDD was mounted after 0 iterations

20160518 092454 ServerHDD mounted after 0 iterations

20160518 092447 Relais 2 closed

20160518 092445 Relais 1 opened

20160518 092445 BackupHDD is being docked ...

20160518 092445 Relais 1 closed

20160518 092340 Relais 2 closed

20160518 092338 Relais 1 opened

20160518 092338 BackupHDD is being docked ...

20160518 092338 Relais 1 closed

20160518 071838 BackupHDD mounted after 2 iterations

20160518 071838 BackupHDD was mounted after 2 iterations

20160518 071834 ServerHDD mounted after 0 iterations

20160518 071827 Relais 2 closed

20160518 071825 Relais 1 opened

20160518 071825 BackupHDD docked in 2.73395800591 seconds.

20160518 071822 BackupHDD is being docked ...

20160518 071822 Relais 1 closed

20160518 071742 Relais 1 opened

20160518 071742 BackupHDD undocked in 2.52690505981 seconds.

20160518 071739 BackupHDD is being undocked ...

20160518 071734 Relais 1 closed

20160518 071521 Relais 1 opened

20160518 071521 BackupHDD docked in 2.70424509048 seconds.

20160518 071518 BackupHDD is being docked ...

20160518 071518 Relais 1 closed

20160517 220108 Relais 1 opened

20160517 220108 BackupHDD undocked in 2.5601170063 seconds.

20160517 220105 BackupHDD is being undocked ...

20160517 220100 Relais 1 closed

20160517 220048 Relais 2 opened

20160517 211102 BackupHDD mounted after 0 iterations

20160517 211102 BackupHDD was mounted after 0 iterations

20160517 211101 ServerHDD mounted after 0 iterations

20160517 211055 Relais 2 closed

20160517 211053 Relais 1 opened

20160517 211053 BackupHDD is being docked ...

20160517 211053 Relais 1 closed

20160517 144431 BackupHDD mounted after 0 iterations

20160517 144431 BackupHDD was mounted after 0 iterations

20160517 144429 ServerHDD mounted after 0 iterations

20160517 144423 Relais 2 closed

20160517 144421 Relais 1 opened

20160517 144421 BackupHDD is being docked ...

20160517 144421 Relais 1 closed

20160517 122637 BackupHDD mounted after 3 iterations

20160517 122637 BackupHDD was mounted after 3 iterations

20160517 122632 ServerHDD mounted after 0 iterations

20160517 122625 Relais 2 closed

20160517 122623 Relais 1 opened

20160517 122623 BackupHDD docked in 2.70257401466 seconds.

20160517 122620 BackupHDD is being docked ...

20160517 122620 Relais 1 closed

20160517 122611 Relais 1 opened

20160517 122611 BackupHDD undocked in 2.52619791031 seconds.

20160517 122609 BackupHDD is being undocked ...

20160517 122604 Relais 1 closed

20160517 122551 Relais 2 opened

20160517 122515 Relais 1 opened

20160517 122515 BackupHDD docked in 2.75238990784 seconds.

20160517 122512 BackupHDD is being docked ...

20160517 122512 Relais 1 closed

20160517 122351 Relais 1 opened

20160517 122351 BackupHDD undocked in 2.55594587326 seconds.

20160517 122348 BackupHDD is being undocked ...

20160517 122343 Relais 1 closed

20160517 122326 Relais 2 opened

20160517 122132 BackupHDD mounted after 0 iterations

20160517 122132 BackupHDD was mounted after 0 iterations

20160517 122131 ServerHDD mounted after 0 iterations

20160517 122124 Relais 2 closed

20160517 122122 Relais 1 opened

20160517 122122 BackupHDD docked in 2.68845796585 seconds.

20160517 122119 BackupHDD is being docked ...

20160517 122119 Relais 1 closed

20160517 120832 Relais 1 opened

20160517 120832 BackupHDD undocked in 2.57995200157 seconds.

20160517 120829 BackupHDD is being undocked ...

20160517 120829 Relais 1 closed

20160517 120819 Relais 2 opened

20160517 120433 BackupHDD mounted after 0 iterations

20160517 120433 BackupHDD was mounted after 0 iterations

20160517 120423 ServerHDD mounted after 0 iterations

20160517 120417 Relais 2 closed

20160517 120415 Relais 1 opened

20160517 120415 BackupHDD is being docked ...

20160517 120415 Relais 1 closed

20160513 162541 BackupHDD mounted after 0 iterations

20160513 162541 BackupHDD was mounted after 0 iterations

20160513 162539 ServerHDD mounted after 0 iterations

20160513 162526 Relais 1 opened

20160513 162526 BackupHDD docked in 2.7167930603 seconds.

20160513 162523 BackupHDD is being docked ...

20160513 162523 Relais 1 closed

20160513 162519 Relais 1 opened

20160513 162519 BackupHDD undocked in 2.55439901352 seconds.

20160513 162517 BackupHDD is being undocked ...

20160513 162517 Relais 1 closed

20160513 162515 Relais 1 opened

20160513 162515 BackupHDD docked in 2.70166516304 seconds.

20160513 162512 BackupHDD is being docked ...

20160513 162512 Relais 1 closed

20160512 204829 Relais 1 opened

20160512 204829 BackupHDD undocked in 2.5426030159 seconds.

20160512 204827 BackupHDD is being undocked ...

20160512 204827 Relais 1 closed

20160512 203345 BackupHDD mounted after 0 iterations

20160512 203345 BackupHDD was mounted after 0 iterations

20160512 203343 ServerHDD mounted after 0 iterations

20160512 203324 Relais 1 opened

20160512 203324 BackupHDD docked in 2.45517396927 seconds.

20160512 203321 BackupHDD is being docked ...

20160512 203321 Relais 1 closed

20160511 151435 Relais 1 opened

20160511 151435 BackupHDD undocked in 2.51046705246 seconds.

20160511 151432 BackupHDD is being undocked ...

20160511 151432 Relais 1 closed

20160511 151423 Relais 2 opened

20160511 151101 BackupHDD mounted after 0 iterations

20160511 151101 BackupHDD was mounted after 0 iterations

20160511 151059 ServerHDD mounted after 0 iterations

20160511 151046 Relais 2 closed

20160511 150950 Relais 2 closed

<style="warning">20160511 145539 Email sent with subject BackupHDD could not be mounted
</style>
<style="warning">20160511 145537 BackupHDD could not be mounted after 5 iterations
</style>
<style="warning">20160511 145536 BackupHDD could not be mounted after 5 iterations
</style>
<style="warning">20160511 145535 BackupHDD could not be mounted after 5 iterations
</style>
<style="warning">20160511 145533 BackupHDD could not be mounted after 5 iterations
</style>
<style="warning">20160511 145532 BackupHDD could not be mounted after 5 iterations
</style>
20160511 145531 ServerHDD mounted after 0 iterations

20160511 145523 Relais 2 closed

<style="warning">20160511 145417 Email sent with subject BackupHDD could not be mounted
</style>
<style="warning">20160511 145415 BackupHDD could not be mounted after 5 iterations
</style>
<style="warning">20160511 145414 BackupHDD could not be mounted after 5 iterations
</style>
<style="warning">20160511 145413 BackupHDD could not be mounted after 5 iterations
</style>
<style="warning">20160511 145412 BackupHDD could not be mounted after 5 iterations
</style>
<style="warning">20160511 145410 BackupHDD could not be mounted after 5 iterations
</style>
20160511 145409 ServerHDD mounted after 0 iterations

20160511 145405 Relais 1 opened

20160511 145405 BackupHDD docked in 2.67265295982 seconds.

20160511 145402 BackupHDD is being docked ...

20160511 145402 Relais 1 closed

<style="warning">20160511 145314 Email sent with subject BackupHDD could not be mounted
</style>
<style="warning">20160511 145311 BackupHDD could not be mounted after 5 iterations
</style>
<style="warning">20160511 145310 BackupHDD could not be mounted after 5 iterations
</style>
<style="warning">20160511 145309 BackupHDD could not be mounted after 5 iterations
</style>
<style="warning">20160511 145307 BackupHDD could not be mounted after 5 iterations
</style>
<style="warning">20160511 145306 BackupHDD could not be mounted after 5 iterations
</style>
20160511 145305 ServerHDD mounted after 0 iterations

<style="warning">20160511 145019 Email sent with subject BackupHDD could not be mounted
</style>
<style="warning">20160511 145017 BackupHDD could not be mounted after 5 iterations
</style>
<style="warning">20160511 145016 BackupHDD could not be mounted after 5 iterations
</style>
<style="warning">20160511 145014 BackupHDD could not be mounted after 5 iterations
</style>
<style="warning">20160511 145013 BackupHDD could not be mounted after 5 iterations
</style>
<style="warning">20160511 145012 BackupHDD could not be mounted after 5 iterations
</style>
<style="warning">20160511 144940 BackupHDD could not be mounted after 5 iterations
</style>
<style="warning">20160511 144939 BackupHDD could not be mounted after 5 iterations
</style>
<style="warning">20160511 144938 BackupHDD could not be mounted after 5 iterations
</style>
<style="warning">20160511 144937 BackupHDD could not be mounted after 5 iterations
</style>
<style="warning">20160511 144935 BackupHDD could not be mounted after 5 iterations
</style>
20160511 143836 Relais 1 opened

20160511 143836 BackupHDD undocked in 2.47435712814 seconds.

20160511 143834 BackupHDD is being undocked ...

20160511 143834 Relais 1 closed

20160511 143826 Relais 1 opened

20160511 143826 BackupHDD docked in 2.65300011635 seconds.

20160511 143823 BackupHDD is being docked ...

20160511 143823 Relais 1 closed

20160511 143802 Relais 1 opened

20160511 143802 BackupHDD undocked in 2.52144789696 seconds.

20160511 143800 BackupHDD is being undocked ...

20160511 143800 Relais 1 closed

20160511 143719 Relais 1 opened

20160511 143719 BackupHDD docked in 2.70745301247 seconds.

20160511 143716 BackupHDD is being docked ...

20160511 143716 Relais 1 closed

20160511 143602 Relais 1 opened

20160511 143602 BackupHDD undocked in 2.51999402046 seconds.

20160511 143600 BackupHDD is being undocked ...

20160511 143600 Relais 1 closed

20160511 143348 Relais 1 opened

20160511 143348 BackupHDD docked in 2.65677189827 seconds.

20160511 143345 BackupHDD is being docked ...

20160511 143345 Relais 1 closed

20160511 143325 Relais 1 opened

20160511 143325 BackupHDD undocked in 2.49568414688 seconds.

20160511 143323 BackupHDD is being undocked ...

20160511 143323 Relais 1 closed

20160511 143318 Relais 1 opened

20160511 143318 BackupHDD is being docked ...

20160511 143318 Relais 1 closed

20160511 143002 Relais 1 opened

20160511 143002 BackupHDD docked in 2.70138096809 seconds.

20160511 142959 BackupHDD is being docked ...

20160511 142959 Relais 1 closed

20160511 142956 Relais 1 opened

20160511 142956 BackupHDD undocked in 2.52225995064 seconds.

20160511 142953 BackupHDD is being undocked ...

20160511 142953 Relais 1 closed

20160511 142918 Relais 1 opened

20160511 142918 BackupHDD docked in 2.6530919075 seconds.

20160511 142915 BackupHDD is being docked ...

20160511 142915 Relais 1 closed

20160511 142606 Relais 1 opened

20160511 142606 BackupHDD undocked in 2.50440502167 seconds.

20160511 142604 BackupHDD is being undocked ...

20160511 142604 Relais 1 closed

20160511 142602 Relais 1 opened

20160511 142602 BackupHDD docked in 2.70758199692 seconds.

20160511 142559 BackupHDD is being docked ...

20160511 142559 Relais 1 closed

20160511 142451 Relais 1 opened

20160511 142451 BackupHDD undocked in 2.52380800247 seconds.

20160511 142448 BackupHDD is being undocked ...

20160511 142448 Relais 1 closed

20160511 142448 Relais 2 opened

20160511 142446 Relais 2 closed

20160511 142446 Relais 1 opened

20160511 142446 BackupHDD docked in 0.823040008545 seconds.

20160511 142445 BackupHDD is being docked ...

20160511 142445 Relais 1 closed

20160510 133123 Relais 1 opened

20160510 133123 BackupHDD undocked in 2.47359895706 seconds.

20160510 133120 BackupHDD is being undocked ...

20160510 133120 Relais 1 closed

20160510 133120 Relais 2 opened

20160510 133118 Relais 2 closed

20160510 133118 Relais 1 opened

20160510 133118 BackupHDD docked in 2.68292188644 seconds.

20160510 133115 BackupHDD is being docked ...

20160510 133115 Relais 1 closed

20160510 132148 Email sent with subject Testmail

20160510 132115 Relais 1 opened

20160510 132115 BackupHDD undocked in 2.46756100655 seconds.

20160510 132113 BackupHDD is being undocked ...

20160510 132113 Relais 1 closed

20160510 132113 Relais 2 opened

20160510 132111 Relais 2 closed

20160510 132111 Relais 1 opened

20160510 132111 BackupHDD docked in 2.67806005478 seconds.

20160510 132108 BackupHDD is being docked ...

20160510 132108 Relais 1 closed

20160510 125508 Email sent with subject Testmail

20160510 123144 Relais 1 opened

20160510 123144 BackupHDD undocked in 2.4422249794 seconds.

20160510 123142 BackupHDD is being undocked ...

20160510 123142 Relais 1 closed

20160510 123142 Relais 2 opened

20160510 123140 Relais 2 closed

20160510 123140 Relais 1 opened

20160510 123140 BackupHDD docked in 2.62529301643 seconds.

20160510 123137 BackupHDD is being docked ...

20160510 123137 Relais 1 closed

20160506 152025 Relais 1 opened

20160506 152025 BackupHDD undocked in 2.41193199158 seconds.

20160506 152022 BackupHDD is being undocked ...

20160506 152022 Relais 1 closed

20160506 152022 Relais 2 opened

20160506 152020 Relais 2 closed

20160506 152020 Relais 1 opened

20160506 152020 BackupHDD docked in 2.43260383606 seconds.

20160506 152018 BackupHDD is being docked ...

20160506 152018 Relais 1 closed

20160505 211045 Relais 1 opened

20160505 211045 BackupHDD is being undocked ...

20160505 211045 Relais 1 closed

20160505 211045 Relais 2 opened

20160505 211043 Relais 2 closed

20160505 211043 Relais 1 opened

20160505 211043 BackupHDD docked in 2.7330801487 seconds.

20160505 211040 BackupHDD is being docked ...

20160505 211040 Relais 1 closed

20160505 211032 Relais 1 opened

20160505 211032 BackupHDD is being undocked ...

20160505 211032 Relais 1 closed

20160505 211032 Relais 2 opened

20160505 211030 Relais 2 closed

20160505 211030 Relais 1 opened

20160505 211030 BackupHDD docked in 2.73038005829 seconds.

20160505 211027 BackupHDD is being docked ...

20160505 211027 Relais 1 closed

20160505 210957 Relais 1 opened

20160505 210957 BackupHDD undocked in 2.47765207291 seconds.

20160505 210954 BackupHDD is being undocked ...

20160505 210954 Relais 1 closed

20160505 210954 Relais 2 opened

20160505 210952 Relais 2 closed

20160505 210952 Relais 1 opened

20160505 210952 BackupHDD docked in 2.67574191093 seconds.

20160505 210949 BackupHDD is being docked ...

20160505 210949 Relais 1 closed

20160505 210921 Relais 1 opened

20160505 210921 BackupHDD undocked in 2.45789599419 seconds.

20160505 210919 BackupHDD is being undocked ...

20160505 210919 Relais 1 closed

20160505 210919 Relais 2 opened

20160505 210917 Relais 2 closed

20160505 210917 Relais 1 opened

20160505 210917 BackupHDD docked in 2.6761739254 seconds.

20160505 210914 BackupHDD is being docked ...

20160505 210914 Relais 1 closed

20160505 204154 Relais 1 opened

20160505 204154 BackupHDD undocked in 2.45764684677 seconds.

20160505 204151 BackupHDD is being undocked ...

20160505 204151 Relais 1 closed

20160505 204151 Relais 2 opened

20160505 204149 Relais 2 closed

20160505 204149 Relais 1 opened

20160505 204149 BackupHDD docked in 2.55635690689 seconds.

20160505 204147 BackupHDD is being docked ...

20160505 204147 Relais 1 closed

20160505 203914 Relais 1 opened

20160505 203914 BackupHDD undocked in 2.42158293724 seconds.

20160505 203911 BackupHDD is being undocked ...

20160505 203911 Relais 1 closed

20160505 203911 Relais 2 opened

20160505 203909 Relais 2 closed

20160505 203909 Relais 1 opened

20160505 203909 BackupHDD docked in 2.55919504166 seconds.

20160505 203906 BackupHDD is being docked ...

20160505 203906 Relais 1 closed

20160505 203831 Relais 1 opened

20160505 203831 BackupHDD undocked in 2.43181109428 seconds.

20160505 203828 BackupHDD is being undocked ...

20160505 203828 Relais 1 closed

20160505 203828 Relais 2 opened

20160505 203826 Relais 2 closed

20160505 203826 Relais 1 opened

20160505 203826 BackupHDD docked in 2.58378696442 seconds.

20160505 203824 BackupHDD is being docked ...

20160505 203824 Relais 1 closed

20160505 203615 Relais 1 opened

20160505 203615 BackupHDD undocked in 2.44785904884 seconds.

20160505 203612 BackupHDD is being undocked ...

20160505 203612 Relais 1 closed

20160505 203612 Relais 2 opened

20160505 203610 Relais 2 closed

20160505 203610 Relais 1 opened

20160505 203610 BackupHDD docked in 2.55315113068 seconds.

20160505 203607 BackupHDD is being docked ...

20160505 203607 Relais 1 closed

20160505 203000 Relais 1 opened

20160505 203000 BackupHDD is being undocked ...

20160505 203000 Relais 1 closed

20160505 203000 Relais 2 opened

20160505 202958 Relais 2 closed

20160505 202958 Relais 1 opened

20160505 202958 BackupHDD docked in 2.71358084679 seconds.

20160505 202955 BackupHDD is being docked ...

20160505 202955 Relais 1 closed

20160505 202813 Relais 1 opened

20160505 202813 BackupHDD is being undocked ...

20160505 202813 Relais 1 closed

20160505 202813 Relais 2 opened

20160505 202811 Relais 2 closed

20160505 202811 Relais 1 opened

20160505 202811 BackupHDD docked in 2.72561001778 seconds.

20160505 202808 BackupHDD is being docked ...

20160505 202808 Relais 1 closed

20160505 202759 Relais 1 opened

20160505 202759 BackupHDD undocked in 2.45383000374 seconds.

20160505 202757 BackupHDD is being undocked ...

20160505 202757 Relais 1 closed

20160505 202757 Relais 2 opened

20160505 202755 Relais 2 closed

20160505 202755 Relais 1 opened

20160505 202755 BackupHDD docked in 2.60904192924 seconds.

20160505 202752 BackupHDD is being docked ...

20160505 202752 Relais 1 closed

20160505 202637 Relais 1 opened

20160505 202637 BackupHDD undocked in 2.43478989601 seconds.

20160505 202634 BackupHDD is being undocked ...

20160505 202634 Relais 1 closed

20160505 202634 Relais 2 opened

20160505 202632 Relais 2 closed

20160505 202632 Relais 1 opened

20160505 202632 BackupHDD docked in 2.59812116623 seconds.

20160505 202629 BackupHDD is being docked ...

20160505 202629 Relais 1 closed

20160505 202521 Relais 1 opened

20160505 202521 BackupHDD undocked in 2.42943096161 seconds.

20160505 202518 BackupHDD is being undocked ...

20160505 202518 Relais 1 closed

20160505 202518 Relais 2 opened

20160505 202516 Relais 2 closed

20160505 202516 Relais 1 opened

20160505 202516 BackupHDD docked in 0.346573829651 seconds.

20160505 202516 BackupHDD is being docked ...

20160505 202516 Relais 1 closed

20160505 201925 BackupHDD is being docked ...

20160505 201925 Relais 1 closed

20160505 201415 BackupHDD is being undocked ...

20160505 201415 Relais 1 closed

20160505 201415 Relais 2 opened

20160505 201413 Relais 2 closed

20160505 201413 Relais 1 opened

20160505 201413 BackupHDD is being docked ...

20160505 201413 Relais 1 closed

20160505 201019 BackupHDD is being docked ...

20160505 201019 Relais 1 closed

20160505 200745 Relais 1 opened

20160505 200745 BackupHDD undocked in 0.843366861343 seconds.

20160505 200742 BackupHDD is being undocked ...

20160505 200742 Relais 1 closed

20160505 200742 Relais 2 opened

20160505 200740 Relais 2 closed

20160505 200740 Relais 1 opened

20160505 200740 BackupHDD docked in 2.15318083763 seconds.

20160505 200737 BackupHDD is being docked ...

20160505 200737 Relais 1 closed

20160505 200507 Relais 1 opened

20160505 200507 BackupHDD undocked in 2.8275539875 seconds.

20160505 200502 BackupHDD is being undocked ...

20160505 200502 Relais 1 closed

20160505 200502 Relais 2 opened

20160505 200500 Relais 2 closed

20160505 200500 Relais 1 opened

20160505 200500 BackupHDD docked in 2.13794803619 seconds.

20160505 200457 BackupHDD is being docked ...

20160505 200457 Relais 1 closed

20160505 195929 Relais 1 opened

20160505 195929 BackupHDD undocked in 2.47913002968 seconds.

20160505 195927 BackupHDD is being undocked ...

20160505 195927 Relais 1 closed

20160505 195927 Relais 2 opened

20160505 195925 Relais 2 closed

20160505 195925 Relais 1 opened

20160505 195925 BackupHDD docked in 2.15884518623 seconds.

20160505 195921 BackupHDD is being docked ...

20160505 195921 Relais 1 closed

20160505 195808 Relais 1 opened

20160505 195808 BackupHDD undocked in 2.96535611153 seconds.

20160505 195802 BackupHDD is being undocked ...

20160505 195802 Relais 1 closed

20160505 195802 Relais 2 opened

20160505 195800 Relais 2 closed

20160505 195800 Relais 1 opened

20160505 195800 BackupHDD docked in 2.52421092987 seconds.

20160505 195756 BackupHDD is being docked ...

20160505 195756 Relais 1 closed

20160505 195652 Relais 1 opened

20160505 195652 BackupHDD undocked in 3.00706887245 seconds.

20160505 195647 BackupHDD is being undocked ...

20160505 195647 Relais 1 closed

20160505 195647 Relais 2 opened

20160505 195645 Relais 2 closed

20160505 195645 Relais 1 opened

20160505 195645 BackupHDD docked in 2.46585392952 seconds.

20160505 195641 BackupHDD is being docked ...

20160505 195641 Relais 1 closed

20160505 195502 Relais 1 opened

20160505 195502 BackupHDD undocked in 2.19011378288 seconds.

20160505 195458 BackupHDD is being undocked ...

20160505 195458 Relais 1 closed

20160505 195458 Relais 2 opened

20160505 195456 Relais 2 closed

20160505 195456 Relais 1 opened

20160505 195456 BackupHDD docked in 2.10583686829 seconds.

20160505 195452 BackupHDD is being docked ...

20160505 195452 Relais 1 closed

20160505 195128 Relais 1 opened

20160505 195128 BackupHDD undocked in 2.90883612633 seconds.

20160505 195122 BackupHDD is being undocked ...

20160505 195122 Relais 1 closed

20160505 195122 Relais 2 opened

20160505 195120 Relais 2 closed

20160505 195120 Relais 1 opened

20160505 195120 BackupHDD docked in 2.38338398933 seconds.

20160505 195117 BackupHDD is being docked ...

20160505 195117 Relais 1 closed

20160505 195110 Relais 1 opened

20160505 195110 BackupHDD undocked in 2.03240680695 seconds.

20160505 195106 BackupHDD is being undocked ...

20160505 195106 Relais 1 closed

20160505 195106 Relais 2 opened

20160505 195104 Relais 2 closed

20160505 195104 Relais 1 opened

20160505 195104 BackupHDD docked in 2.88049697876 seconds.

20160505 195100 BackupHDD is being docked ...

20160505 195100 Relais 1 closed

20160505 195053 Relais 1 opened

20160505 195053 BackupHDD undocked in 2.24110913277 seconds.

20160505 195049 BackupHDD is being undocked ...

20160505 195049 Relais 1 closed

20160505 195049 Relais 2 opened

20160505 195047 Relais 2 closed

20160505 195047 Relais 1 opened

20160505 195047 BackupHDD docked in 2.13201498985 seconds.

20160505 195043 BackupHDD is being docked ...

20160505 195043 Relais 1 closed

20160505 194559 Relais 1 opened

20160505 194559 BackupHDD undocked in 2.91768479347 seconds.

20160505 194554 BackupHDD is being undocked ...

20160505 194554 Relais 1 closed

20160505 194554 Relais 2 opened

20160505 194552 Relais 2 closed

20160505 194552 Relais 1 opened

20160505 194552 BackupHDD docked in 2.5666539669 seconds.

20160505 194548 BackupHDD is being docked ...

20160505 194548 Relais 1 closed

20160505 194149 Relais 1 opened

20160505 194149 BackupHDD undocked in 2.27053618431 seconds.

20160505 194145 BackupHDD is being undocked ...

20160505 194145 Relais 1 closed

20160505 194145 Relais 2 opened

20160505 194143 Relais 2 closed

20160505 194143 Relais 1 opened

20160505 194143 BackupHDD docked in 2.12037014961 seconds.

20160505 194139 BackupHDD is being docked ...

20160505 194139 Relais 1 closed

20160505 194021 Relais 1 opened

20160505 194021 BackupHDD undocked in 3.02386713028 seconds.

20160505 194015 BackupHDD is being undocked ...

20160505 194015 Relais 1 closed

20160505 194015 Relais 2 opened

20160505 194013 Relais 2 closed

20160505 194013 Relais 1 opened

20160505 194013 BackupHDD docked in 2.46443796158 seconds.

20160505 194009 BackupHDD is being docked ...

20160505 194009 Relais 1 closed

20160505 193554 Relais 1 opened

20160505 193554 BackupHDD undocked in 3.12461590767 seconds.

20160505 193548 BackupHDD is being undocked ...

20160505 193548 Relais 1 closed

20160505 193548 Relais 2 opened

20160505 193546 Relais 2 closed

20160505 193546 Relais 1 opened

20160505 193546 BackupHDD docked in 2.89927983284 seconds.

20160505 193542 BackupHDD is being docked ...

20160505 193542 Relais 1 closed

20160505 193457 Relais 1 opened

20160505 193457 BackupHDD undocked in 4.15305709839 seconds.

20160505 193450 BackupHDD is being undocked ...

20160505 193450 Relais 1 closed

20160505 193450 Relais 2 opened

20160505 193448 Relais 2 closed

20160505 193448 Relais 1 opened

20160505 193448 BackupHDD docked in 2.49282693863 seconds.

20160505 193444 BackupHDD is being docked ...

20160505 193444 Relais 1 closed

20160505 193120 Relais 1 opened

20160505 193120 BackupHDD undocked in 2.16363596916 seconds.

20160505 193118 BackupHDD is being undocked ...

20160505 193118 Relais 1 closed

20160505 193118 Relais 2 opened

20160505 193116 Relais 2 closed

20160505 193116 Relais 1 opened

20160505 193116 BackupHDD docked in 1.80766391754 seconds.

20160505 193114 BackupHDD is being docked ...

20160505 193114 Relais 1 closed

20160505 192655 Relais 1 opened

20160505 192655 BackupHDD undocked in 4.16732501984 seconds.

20160505 192651 BackupHDD is being undocked ...

20160505 192651 Relais 1 closed

20160505 192651 Relais 2 opened

20160505 192649 Relais 2 closed

20160505 192649 Relais 1 opened

20160505 192649 BackupHDD docked in 2.45773601532 seconds.

20160505 192646 BackupHDD is being docked ...

20160505 192646 Relais 1 closed

20160505 192549 Relais 1 opened

20160505 192549 BackupHDD undocked in 2.0124130249 seconds.

20160505 192546 BackupHDD is being undocked ...

20160505 192546 Relais 1 closed

20160505 192546 Relais 2 opened

20160505 192544 Relais 2 closed

20160505 192544 Relais 1 opened

20160505 192544 BackupHDD docked in 2.76947593689 seconds.

20160505 192541 BackupHDD is being docked ...

20160505 192541 Relais 1 closed

20160505 192437 Relais 1 opened

20160505 192437 BackupHDD undocked in 2.43643593788 seconds.

20160505 192434 BackupHDD is being undocked ...

20160505 192434 Relais 1 closed

20160505 192434 Relais 2 opened

20160505 192432 Relais 2 closed

20160505 192432 Relais 1 opened

20160505 192432 BackupHDD docked in 2.59498596191 seconds.

20160505 192429 BackupHDD is being docked ...

20160505 192429 Relais 1 closed

20160505 192411 Relais 1 opened

20160505 192411 BackupHDD undocked in 2.39802002907 seconds.

20160505 192409 BackupHDD is being undocked ...

20160505 192409 Relais 1 closed

20160505 192409 Relais 2 opened

20160505 192407 Relais 2 closed

20160505 192407 Relais 1 opened

20160505 192406 BackupHDD docked in 2.75620508194 seconds.

20160505 192403 BackupHDD is being docked ...

20160505 192403 Relais 1 closed

20160505 191847 Relais 1 opened

20160505 191847 BackupHDD undocked in 2.04597496986 seconds.

20160505 191844 BackupHDD is being undocked ...

20160505 191844 Relais 1 closed

20160505 191844 Relais 2 opened

20160505 191842 Relais 2 closed

20160505 191842 Relais 1 opened

20160505 191842 BackupHDD docked in 2.53665590286 seconds.

20160505 191839 BackupHDD is being docked ...

20160505 191839 Relais 1 closed

20160505 191722 Relais 1 opened

20160505 191722 BackupHDD undocked in 2.01460790634 seconds.

20160505 191720 BackupHDD is being undocked ...

20160505 191720 Relais 1 closed

20160505 191720 Relais 2 opened

20160505 191718 Relais 2 closed

20160505 191718 Relais 1 opened

20160505 191718 BackupHDD docked in 2.50583195686 seconds.

20160505 191715 BackupHDD is being docked ...

20160505 191715 Relais 1 closed

20160505 191607 Relais 1 opened

20160505 191607 BackupHDD undocked in 2.40953493118 seconds.

20160505 191605 BackupHDD is being undocked ...

20160505 191605 Relais 1 closed

20160505 191605 Relais 2 opened

20160505 191603 Relais 2 closed

20160505 191603 Relais 1 opened

20160505 191603 BackupHDD docked in 2.64080810547 seconds.

20160505 191600 BackupHDD is being docked ...

20160505 191600 Relais 1 closed

20160505 191556 Relais 1 opened

20160505 191556 BackupHDD undocked in 2.34854078293 seconds.

20160505 191554 BackupHDD is being undocked ...

20160505 191554 Relais 1 closed

20160505 191554 Relais 2 opened

20160505 191552 Relais 2 closed

20160505 191552 Relais 1 opened

20160505 191552 BackupHDD docked in 0.09357213974 seconds.

20160505 191552 BackupHDD is being docked ...

20160505 191552 Relais 1 closed

20160505 191504 BackupHDD is being docked ...

20160505 191504 Relais 1 closed

20160505 191443 BackupHDD is being docked ...

20160505 191443 Relais 1 closed

20160505 191133 BackupHDD is being docked ...

20160505 191133 Relais 1 closed

20160505 174119 Relais 1 opened

20160505 174119 BackupHDD undocked in 2.34951782227 seconds.

20160505 174117 BackupHDD is being undocked ...

20160505 174117 Relais 1 closed

20160505 174117 Relais 2 opened

20160505 174115 Relais 2 closed

20160505 174115 Relais 1 opened

20160505 174115 BackupHDD docked in 2.62704491615 seconds.

20160505 174112 BackupHDD is being docked ...

20160505 174112 Relais 1 closed

20160505 174050 Relais 1 opened

20160505 174050 BackupHDD undocked in 1.03163695335 seconds.

20160505 174049 BackupHDD is being undocked ...

20160505 174049 Relais 1 closed

20160505 174049 Relais 2 opened

20160505 174047 Relais 2 closed

20160505 174047 Relais 1 opened

20160505 174047 BackupHDD docked in 1.02931904793 seconds.

20160505 174046 BackupHDD is being docked ...

20160505 174046 Relais 1 closed

20160505 174014 Relais 1 opened

20160505 174014 BackupHDD undocked in 2.3554930687 seconds.

20160505 174011 BackupHDD is being undocked ...

20160505 174011 Relais 1 closed

20160505 174011 Relais 2 opened

20160505 174009 Relais 2 closed

20160505 174009 Relais 1 opened

20160505 174009 BackupHDD docked in 2.67417907715 seconds.

20160505 174007 BackupHDD is being docked ...

20160505 174007 Relais 1 closed

20160505 173807 Relais 1 opened

20160505 173807 BackupHDD undocked in 2.35807800293 seconds.

20160505 173805 BackupHDD is being undocked ...

20160505 173805 Relais 1 closed

20160505 173805 Relais 2 opened

20160505 173803 Relais 2 closed

20160505 173803 Relais 1 opened

20160505 173803 BackupHDD docked in 2.69408607483 seconds.

20160505 173800 BackupHDD is being docked ...

20160505 173800 Relais 1 closed

20160505 173703 Relais 1 opened

20160505 173703 BackupHDD undocked in 2.36619901657 seconds.

20160505 173701 BackupHDD is being undocked ...

20160505 173701 Relais 1 closed

20160505 173701 Relais 2 opened

20160505 173659 Relais 2 closed

20160505 173659 Relais 1 opened

20160505 173659 BackupHDD docked in 2.65583086014 seconds.

20160505 173656 BackupHDD is being docked ...

20160505 173656 Relais 1 closed

20160505 173501 Relais 1 opened

20160505 173501 BackupHDD undocked in 2.36753797531 seconds.

20160505 173458 BackupHDD is being undocked ...

20160505 173458 Relais 1 closed

20160505 173458 Relais 2 opened

20160505 173456 Relais 2 closed

20160505 173456 Relais 1 opened

20160505 173456 BackupHDD docked in 2.69565486908 seconds.

20160505 173453 BackupHDD is being docked ...

20160505 173453 Relais 1 closed

20160505 173352 Relais 1 opened

20160505 173352 BackupHDD undocked in 2.34517598152 seconds.

20160505 173349 BackupHDD is being undocked ...

20160505 173349 Relais 1 closed

20160505 173349 Relais 2 opened

20160505 173347 Relais 2 closed

20160505 173347 Relais 1 opened

20160505 173347 BackupHDD docked in 2.66786694527 seconds.

20160505 173344 BackupHDD is being docked ...

20160505 173344 Relais 1 closed

20160505 173335 Relais 1 opened

20160505 173335 BackupHDD undocked in 2.32939505577 seconds.

20160505 173333 BackupHDD is being undocked ...

20160505 173333 Relais 1 closed

20160505 173333 Relais 2 opened

20160505 173331 Relais 2 closed

20160505 173331 Relais 1 opened

20160505 173331 BackupHDD docked in 2.65536403656 seconds.

20160505 173328 BackupHDD is being docked ...

20160505 173328 Relais 1 closed

20160505 173321 Relais 1 opened

20160505 173321 BackupHDD undocked in 2.30475687981 seconds.

20160505 173318 BackupHDD is being undocked ...

20160505 173318 Relais 1 closed

20160505 173318 Relais 2 opened

20160505 173316 Relais 2 closed

20160505 173316 Relais 1 opened

20160505 173316 BackupHDD docked in 2.6428360939 seconds.

20160505 173313 BackupHDD is being docked ...

20160505 173313 Relais 1 closed

20160505 173110 Relais 1 opened

20160505 173110 BackupHDD undocked in 2.34073996544 seconds.

20160505 173107 BackupHDD is being undocked ...

20160505 173107 Relais 1 closed

20160505 173107 Relais 2 opened

20160505 173105 Relais 2 closed

20160505 173105 Relais 1 opened

20160505 173105 BackupHDD docked in 2.66024303436 seconds.

20160505 173102 BackupHDD is being docked ...

20160505 173102 Relais 1 closed

20160505 172846 Relais 1 opened

20160505 172846 BackupHDD undocked in 2.35563993454 seconds.

20160505 172844 BackupHDD is being undocked ...

20160505 172844 Relais 1 closed

20160505 172844 Relais 2 opened

20160505 172842 Relais 2 closed

20160505 172842 Relais 1 opened

20160505 172842 BackupHDD docked in 2.6785261631 seconds.

20160505 172839 BackupHDD is being docked ...

20160505 172839 Relais 1 closed

20160505 172818 Relais 1 opened

20160505 172818 BackupHDD undocked in 2.32609295845 seconds.

20160505 172815 BackupHDD is being undocked ...

20160505 172815 Relais 1 closed

20160505 172815 Relais 2 opened

20160505 172813 Relais 2 closed

20160505 172813 Relais 1 opened

20160505 172813 BackupHDD docked in 2.66210317612 seconds.

20160505 172811 BackupHDD is being docked ...

20160505 172811 Relais 1 closed

20160505 172724 Relais 1 opened

20160505 172724 BackupHDD undocked in 2.33482313156 seconds.

20160505 172722 BackupHDD is being undocked ...

20160505 172722 Relais 1 closed

20160505 172721 Relais 2 opened

20160505 172719 Relais 2 closed

20160505 172719 Relais 1 opened

20160505 172719 BackupHDD docked in 2.59845995903 seconds.

20160505 172717 BackupHDD is being docked ...

20160505 172717 Relais 1 closed

20160505 172622 Relais 1 opened

20160505 172622 BackupHDD undocked in 2.30641007423 seconds.

20160505 172619 BackupHDD is being undocked ...

20160505 172619 Relais 1 closed

20160505 172619 Relais 2 opened

20160505 172617 Relais 2 closed

20160505 172617 Relais 1 opened

20160505 172617 BackupHDD is being docked ...

20160505 172617 Relais 1 closed

20160505 172051 Relais 1 opened

20160505 172051 BackupHDD undocked in 0.00420713424683 seconds.

20160505 172051 BackupHDD is being undocked ...

20160505 172051 Relais 1 closed

20160505 172051 Relais 2 opened

20160505 172049 Relais 2 closed

20160505 172049 Relais 1 opened

20160505 172049 BackupHDD docked in 2.66147494316 seconds.

20160505 172046 BackupHDD is being docked ...

20160505 172046 Relais 1 closed

20160505 172035 Relais 1 opened

20160505 172035 BackupHDD undocked in 2.34695482254 seconds.

20160505 172033 BackupHDD is being undocked ...

20160505 172032 Relais 1 closed

20160505 172032 Relais 2 opened

20160505 172030 Relais 2 closed

20160505 172030 Relais 1 opened

20160505 172030 BackupHDD docked in 2.6735188961 seconds.

20160505 172027 BackupHDD is being docked ...

20160505 172027 Relais 1 closed

20160505 171854 Relais 1 opened

20160505 171854 BackupHDD undocked in 0.00506496429443 seconds.

20160505 171854 BackupHDD is being undocked ...

20160505 171854 Relais 1 closed

20160505 171854 Relais 2 opened

20160505 171852 Relais 2 closed

20160505 171852 Relais 1 opened

20160505 171852 BackupHDD docked in 0.00468897819519 seconds.

20160505 171852 BackupHDD is being docked ...

20160505 171852 Relais 1 closed

20160505 171827 Relais 1 opened

20160505 171827 BackupHDD is being undocked ...

20160505 171827 Relais 1 closed

20160505 171827 Relais 2 opened

20160505 171825 Relais 2 closed

20160505 171825 Relais 1 opened

20160505 171825 BackupHDD docked in 0.00466799736023 seconds.

20160505 171825 BackupHDD is being docked ...

20160505 171825 Relais 1 closed

20160505 171752 Relais 1 opened

20160505 171752 BackupHDD undocked in 2.35770106316 seconds.

20160505 171749 BackupHDD is being undocked ...

20160505 171749 Relais 1 closed

20160505 171749 Relais 2 opened

20160505 171747 Relais 2 closed

20160505 171747 Relais 1 opened

20160505 171747 BackupHDD docked in 2.6545112133 seconds.

20160505 171745 BackupHDD is being docked ...

20160505 171744 Relais 1 closed

20160505 171725 Relais 1 opened

20160505 171725 BackupHDD undocked in 2.38167595863 seconds.

20160505 171722 BackupHDD is being undocked ...

20160505 171722 Relais 1 closed

20160505 171722 Relais 2 opened

20160505 171720 Relais 2 closed

20160505 171720 Relais 1 opened

20160505 171720 BackupHDD docked in 2.62922501564 seconds.

20160505 171717 BackupHDD is being docked ...

20160505 171717 Relais 1 closed

20160505 153910 Relais 1 opened

20160505 153910 BackupHDD undocked

20160505 153907 BackupHDD is being undocked ...

20160505 153907 Relais 1 closed

20160505 153907 Relais 2 opened

20160505 153905 Relais 2 closed

20160505 153905 Relais 1 opened

20160505 153905 BackupHDD docked

20160505 153903 BackupHDD is being docked ...

20160505 153903 Relais 1 closed

20160505 153853 Relais 1 opened

20160505 153853 BackupHDD undocked

20160505 153851 BackupHDD is being undocked ...

20160505 153851 Relais 1 closed

20160505 153851 Relais 2 opened

20160505 153849 Relais 2 closed

20160505 153849 Relais 1 opened

20160505 153849 BackupHDD docked

20160505 153846 BackupHDD is being docked ...

20160505 153846 Relais 1 closed

20160505 153544 Relais 1 opened

20160505 153544 BackupHDD undocked

20160505 153542 BackupHDD is being undocked ...

20160505 153542 Relais 1 closed

20160505 153540 Relais 2 opened

20160505 153538 Relais 2 closed

20160505 153538 Relais 1 opened

20160505 153538 BackupHDD docked

20160505 153536 BackupHDD is being docked ...

20160505 153536 Relais 1 closed

20160426 130554 Relais 1 opened

20160426 130553 Relais 1 closed

20160426 130553 Relais 2 opened

20160426 130551 Relais 2 closed

20160426 130551 Relais 1 opened

20160426 130548 Relais 1 closed

20160426 130302 Relais 1 opened

20160426 130300 Relais 1 closed

20160426 130300 Relais 2 opened

20160426 130258 Relais 2 closed

20160426 130258 Relais 1 opened

20160426 130258 Relais 1 closed

